Tue 20:43: PROGRESS: MaxCompiler version: 2015.2
Tue 20:43: PROGRESS: Build "Mean" start time: Tue Dec 05 20:43:01 UTC 2023
Tue 20:43: PROGRESS: Main build process running as user root on host 92000b120889
Tue 20:43: INFO    : Loading build properties from bundled MaxCompiler_build.conf...
Tue 20:43: INFO    : Loading default build properties from /opt/MaxCompiler_build.conf
Tue 20:43: INFO    : User build properties not found in file: /root/.MaxCompiler_build_user.conf
Tue 20:43: INFO    : No user-specified external build property file has been specified.
Tue 20:43: INFO    : (Set environment variable MAXCOMPILER_BUILD_CONF_FILE to assign one)
Tue 20:43: INFO    : Loading additional parameters from MAXCOMPILER_BUILD_CONF environment variable
Tue 20:43: PROGRESS: Build location: /tmp/Mean_VECTIS_DFE_SIM
Tue 20:43: PROGRESS: Detailed build log available in "_build.log"
Tue 20:43: INFO    : Created build manager Mean (Mean_VECTIS_DFE_SIM Tue Dec 05 20:43:01 UTC 2023). (20:43:01 05/12/23)
Tue 20:43: INFO    : Working in dir: /tmp/Mean_VECTIS_DFE_SIM
Tue 20:43: INFO    : Java class path (2 paths):
Tue 20:43: INFO    : 	/home/milutinovic/WebIDE-Projects/MI-HW2/RunRules/Simulation/dist/bin
Tue 20:43: INFO    : 	/opt/maxcompiler/lib/MaxCompiler.jar
Tue 20:43: INFO    : Java process started by 'main' method in class 'mean.MeanManager'.
Tue 20:43: INFO    : build.arbitrated_core_cache parameter is blank, not using core-cache
Tue 20:43: INFO    : Checking license files in directory: /opt/maxcompiler//licenses
Tue 20:43: INFO    : All license signatures valid.
Tue 20:43: PROGRESS: Instantiating manager
Tue 20:43: PROGRESS: Instantiating kernel "MeanKernel"
Tue 20:43: INFO    : Backing-up source-files (old source files in build directory will be removed first)...
Tue 20:43: INFO    : Source directories: src
Tue 20:43: INFO    : Not deleting directory (does not exist): src
Tue 20:43: INFO    : Copying source-files took 2.51483 ms
Tue 20:43: PROGRESS: Compiling manager (CPU I/O Only)
Tue 20:43: INFO    : Backing-up source-files (old source files in build directory will be removed first)...
Tue 20:43: INFO    : Source directories: src
Tue 20:43: INFO    : Deleting directory: src
Tue 20:43: INFO    : Copying source-files took 2.34782 ms
Tue 20:43: INFO    : Manager Configuration:
Tue 20:43: INFO    : 	ManagerConfiguration.allowNonMultipleTransitions = false                                                         [Init: false]
Tue 20:43: INFO    : 	ManagerConfiguration.board = MAX3424A                                                                            [Init: null, init: MAX3424A]
Tue 20:43: INFO    : 	ManagerConfiguration.build.buildEffort = MEDIUM                                                                  [Init: MEDIUM]
Tue 20:43: INFO    : 	ManagerConfiguration.build.enableChipScopeInserter = false                                                       [Init: false]
Tue 20:43: INFO    : 	ManagerConfiguration.build.enableTimingAnalysis = true                                                           [Init: true]
Tue 20:43: INFO    : 	ManagerConfiguration.build.level = FULL_BUILD                                                                    [Init: FULL_BUILD]
Tue 20:43: INFO    : 	ManagerConfiguration.build.mpprContinueAfterMeetingTiming = false                                                [Init: false]
Tue 20:43: INFO    : 	ManagerConfiguration.build.mpprCtMax = 1                                                                         [Init: 1]
Tue 20:43: INFO    : 	ManagerConfiguration.build.mpprCtMin = 1                                                                         [Init: 1]
Tue 20:43: INFO    : 	ManagerConfiguration.build.mpprParallelism = 1                                                                   [Init: 1]
Tue 20:43: INFO    : 	ManagerConfiguration.build.mpprRetryMissesThrshld = 0                                                            [Init: 0]
Tue 20:43: INFO    : 	ManagerConfiguration.build.optGoal = BALANCED                                                                    [Init: BALANCED]
Tue 20:43: INFO    : 	ManagerConfiguration.build.physSynthAsyncPipelining = AUTO                                                       [Init: AUTO]
Tue 20:43: INFO    : 	ManagerConfiguration.build.physSynthCombLogic = AUTO                                                             [Init: AUTO]
Tue 20:43: INFO    : 	ManagerConfiguration.build.physSynthCombLogicForArea = AUTO                                                      [Init: AUTO]
Tue 20:43: INFO    : 	ManagerConfiguration.build.physSynthEffort = AUTO                                                                [Init: AUTO]
Tue 20:43: INFO    : 	ManagerConfiguration.build.physSynthRegDuplication = AUTO                                                        [Init: AUTO]
Tue 20:43: INFO    : 	ManagerConfiguration.build.physSynthRetiming = AUTO                                                              [Init: AUTO]
Tue 20:43: INFO    : 	ManagerConfiguration.build.physicalSynthesis = false                                                             [Init: false]
Tue 20:43: INFO    : 	ManagerConfiguration.buildTarget = DFE_SIM                                                                       [Init: null, init: DFE_SIM]
Tue 20:43: INFO    : 	ManagerConfiguration.debug.chipscopeCaptureDepth = 4096                                                          [Init: 4096]
Tue 20:43: INFO    : 	ManagerConfiguration.debug.fifoUnderOverFlowRegs = false                                                         [Init: false]
Tue 20:43: INFO    : 	ManagerConfiguration.debug.memCtlDebugRegs = true                                                                [Init: true]
Tue 20:43: INFO    : 	ManagerConfiguration.debug.memCtlExtraDebugRegs = false                                                          [Init: false]
Tue 20:43: INFO    : 	ManagerConfiguration.debug.memMarginingSupport = false                                                           [Init: false]
Tue 20:43: INFO    : 	ManagerConfiguration.debug.memPhyDebugRegister = NONE                                                            [Init: NONE]
Tue 20:43: INFO    : 	ManagerConfiguration.debug.memPllLockDebugRegs = true                                                            [Init: true]
Tue 20:43: INFO    : 	ManagerConfiguration.debug.streamStatus = false                                                                  [Init: false]
Tue 20:43: INFO    : 	ManagerConfiguration.debug.streamStatusChecksums = false                                                         [Init: false]
Tue 20:43: INFO    : 	ManagerConfiguration.dram.addressGeneratorsInSlowClock = false                                                   [Init: false]
Tue 20:43: INFO    : 	ManagerConfiguration.dram.arbitrationMode = ROUND_ROBIN                                                          [Init: ROUND_ROBIN]
Tue 20:43: INFO    : 	ManagerConfiguration.dram.burstSize = 8                                                                          [Init: 8]
Tue 20:43: INFO    : 	ManagerConfiguration.dram.cmdFifoInReg = false                                                                   [Init: false]
Tue 20:43: INFO    : 	ManagerConfiguration.dram.cmdFifoLutRam = false                                                                  [Init: false]
Tue 20:43: INFO    : 	ManagerConfiguration.dram.cmdFifoRegInRam = true                                                                 [Init: true]
Tue 20:43: INFO    : 	ManagerConfiguration.dram.cmdFifoSize = 31                                                                       [Init: 31]
Tue 20:43: INFO    : 	ManagerConfiguration.dram.commandEchoModeEnabled = false                                                         [Init: false]
Tue 20:43: INFO    : 	ManagerConfiguration.dram.commandEchoModeFifoDepth = 512                                                         [Init: 512]
Tue 20:43: INFO    : 	ManagerConfiguration.dram.commandEchoModeStreamAlmostEmptyLatency = 792                                          [Init: 792]
Tue 20:43: INFO    : 	ManagerConfiguration.dram.commandEchoModeStreamAlmostEmptyLatency = 8                                            [Init: 8]
Tue 20:43: INFO    : 	ManagerConfiguration.dram.commandEchoModeStreamStallLatency = 8                                                  [Init: 8]
Tue 20:43: INFO    : 	ManagerConfiguration.dram.dataFifoDepth = 512                                                                    [Init: 512]
Tue 20:43: INFO    : 	ManagerConfiguration.dram.dataFifoLutRam = false                                                                 [Init: false]
Tue 20:43: INFO    : 	ManagerConfiguration.dram.dataFifoWidth = 792                                                                    [Init: 792]
Tue 20:43: INFO    : 	ManagerConfiguration.dram.eccMode = false                                                                        [Init: false]
Tue 20:43: INFO    : 	ManagerConfiguration.dram.fabricDataFifoReg = true                                                               [Init: true]
Tue 20:43: INFO    : 	ManagerConfiguration.dram.fabricRdDataFifoReg = false                                                            [Init: false]
Tue 20:43: INFO    : 	ManagerConfiguration.dram.flagSupport = false                                                                    [Init: false]
Tue 20:43: INFO    : 	ManagerConfiguration.dram.highPrioStream = false                                                                 [Init: false]
Tue 20:43: INFO    : 	ManagerConfiguration.dram.max2CompatMode = false                                                                 [Init: false]
Tue 20:43: INFO    : 	ManagerConfiguration.dram.max4m_GALAVA_MCP_UseRefClk = false                                                     [Init: false]
Tue 20:43: INFO    : 	ManagerConfiguration.dram.max4m_MAIA_MCP_UseRefClk = false                                                       [Init: false]
Tue 20:43: INFO    : 	ManagerConfiguration.dram.max4qrateMode = false                                                                  [Init: false]
Tue 20:43: INFO    : 	ManagerConfiguration.dram.memCmdIncSize = 8                                                                      [Init: 8]
Tue 20:43: INFO    : 	ManagerConfiguration.dram.memCmdStartAddrSize = 32                                                               [Init: 32]
Tue 20:43: INFO    : 	ManagerConfiguration.dram.onCardMemFreq = 303.0                                                                  [Init: 0.0, change: 303.0]
Tue 20:43: INFO    : 	ManagerConfiguration.dram.parEccDebugStream = false                                                              [Init: false]
Tue 20:43: INFO    : 	ManagerConfiguration.dram.parityEccWidth = 0                                                                     [Init: 0]
Tue 20:43: INFO    : 	ManagerConfiguration.dram.parityMode = false                                                                     [Init: false]
Tue 20:43: INFO    : 	ManagerConfiguration.dram.perdqsPhaseDetect = false                                                              [Init: false]
Tue 20:43: INFO    : 	ManagerConfiguration.dram.performanceMode = true                                                                 [Init: true]
Tue 20:43: INFO    : 	ManagerConfiguration.enableMPCX = false                                                                          [Init: false, init: false]
Tue 20:43: INFO    : 	ManagerConfiguration.maxring.maxringConnections = []                                                             [Init: []]
Tue 20:43: INFO    : 	ManagerConfiguration.maxring.maxringNumLanes = {MAXRING_A=2, MAXRING_B=2, MAXRING_LITE_B=1, MAXRING_LITE_A=1}    [Init: {}]
Tue 20:43: INFO    : 	ManagerConfiguration.multiCycleMappedMemoryBus = false                                                           [Init: false]
Tue 20:43: INFO    : 	ManagerConfiguration.network.qsfp0Mode = QSFP_OFF                                                                [Init: QSFP_OFF]
Tue 20:43: INFO    : 	ManagerConfiguration.network.qsfp1Mode = QSFP_OFF                                                                [Init: QSFP_OFF]
Tue 20:43: INFO    : 	ManagerConfiguration.network.qsfp2Mode = QSFP_OFF                                                                [Init: QSFP_OFF]
Tue 20:43: INFO    : 	ManagerConfiguration.network.qsfp3Mode = QSFP_OFF                                                                [Init: QSFP_OFF]
Tue 20:43: INFO    : 	ManagerConfiguration.network.qsfp4Mode = QSFP_OFF                                                                [Init: QSFP_OFF]
Tue 20:43: INFO    : 	ManagerConfiguration.network.qsfp5Mode = QSFP_OFF                                                                [Init: QSFP_OFF]
Tue 20:43: INFO    : 	ManagerConfiguration.network.qsfp6Mode = QSFP_OFF                                                                [Init: QSFP_OFF]
Tue 20:43: INFO    : 	ManagerConfiguration.network.qsfp7Mode = QSFP_OFF                                                                [Init: QSFP_OFF]
Tue 20:43: INFO    : 	ManagerConfiguration.pcie.numPCIeLanes = 0                                                                       [Init: 0]
Tue 20:43: INFO    : 	ManagerConfiguration.pcie.pcieFastClock = false                                                                  [Init: false]
Tue 20:43: INFO    : 	ManagerConfiguration.pcie.streamFromHostMaxNum = 8                                                               [Init: 0, change: 8]
Tue 20:43: INFO    : 	ManagerConfiguration.pcie.streamToHostMaxNum = 8                                                                 [Init: 0, change: 8]
Tue 20:43: INFO    : 	ManagerConfiguration.persona.boardModel = MAX3424A                                                               [Init: null, change: MAX3424A]
Tue 20:43: INFO    : 	ManagerConfiguration.persona.ddr3Enable = false                                                                  [Init: false]
Tue 20:43: INFO    : 	ManagerConfiguration.persona.ddr3Frq = 303.0                                                                     [Init: 400.0, change: 303.0]
Tue 20:43: INFO    : 	ManagerConfiguration.persona.ddr3Qmode = false                                                                   [Init: false]
Tue 20:43: INFO    : 	ManagerConfiguration.persona.disableMultiplePersona = true                                                       [Init: true]
Tue 20:43: INFO    : 	ManagerConfiguration.persona.dynamic_scaling = false                                                             [Init: false]
Tue 20:43: INFO    : 	ManagerConfiguration.persona.enableCPLDOverrideOutpus = false                                                    [Init: false]
Tue 20:43: INFO    : 	ManagerConfiguration.persona.enableJDFEPTPTestLogic = false                                                      [Init: false]
Tue 20:43: INFO    : 	ManagerConfiguration.persona.maxRingLocal = false                                                                [Init: false]
Tue 20:43: INFO    : 	ManagerConfiguration.persona.maxRingOptical = false                                                              [Init: false]
Tue 20:43: INFO    : 	ManagerConfiguration.persona.maxringDataRate = 2500.0                                                            [Init: 2500.0]
Tue 20:43: INFO    : 	ManagerConfiguration.persona.maxringOpticalDataRate = 10000.0                                                    [Init: 10000.0]
Tue 20:43: INFO    : 	ManagerConfiguration.persona.mode = InitMode                                                                     [Init: InitMode]
Tue 20:43: INFO    : 	ManagerConfiguration.persona.networkPTP = OFF                                                                    [Init: OFF]
Tue 20:43: INFO    : 	ManagerConfiguration.persona.panMaxRingA = false                                                                 [Init: false]
Tue 20:43: INFO    : 	ManagerConfiguration.persona.panMaxRingB = false                                                                 [Init: false]
Tue 20:43: INFO    : 	ManagerConfiguration.persona.personaInterfaceVersion = 1                                                         [Init: 1]
Tue 20:43: INFO    : 	ManagerConfiguration.persona.qdr2Enable = false                                                                  [Init: false]
Tue 20:43: INFO    : 	ManagerConfiguration.persona.qdr2Frq = 350.0                                                                     [Init: 350.0]
Tue 20:43: INFO    : 	ManagerConfiguration.persona.streamClks = 1                                                                      [Init: 1]
Tue 20:43: INFO    : 	ManagerConfiguration.persona.streamFrq = [100.0]                                                                 [Init: [150.0], change: [100.0]]
Tue 20:43: INFO    : 	ManagerConfiguration.persona.streamPs = [0]                                                                      [Init: [0]]
Tue 20:43: INFO    : 	ManagerConfiguration.persona.usePCIeGen1 = false                                                                 [Init: false]
Tue 20:43: INFO    : 	ManagerConfiguration.simulation.nativeFloatingPoint = false                                                      [Init: false]
Tue 20:43: INFO    : 	ManagerConfiguration.streamClockFrq = 100                                                                        [Init: 100]
Tue 20:43: INFO    : 	ManagerConfiguration.useLegacyStreamFIFOs = false                                                                [Init: false]
Tue 20:43: INFO    : 
Tue 20:43: INFO    :  -- 
Tue 20:43: PROGRESS: 
Tue 20:43: PROGRESS: Compiling kernel "MeanKernel"
Tue 20:43: INFO    : Configuration:
Tue 20:43: INFO    : 	KernelConfiguration.additionalInputPipelining = 64                                          [Init: 64]
Tue 20:43: INFO    : 	KernelConfiguration.allowDSPCascading = true                                                [Init: true]
Tue 20:43: INFO    : 	KernelConfiguration.allowInputsOutputsBeforeFlushNode = false                               [Init: false]
Tue 20:43: INFO    : 	KernelConfiguration.allowZeroLatencyNodeHold = false                                        [Init: false]
Tue 20:43: INFO    : 	KernelConfiguration.board = MAX3424A                                                        [Init: MAX2116B, change: MAX3424A]
Tue 20:43: INFO    : 	KernelConfiguration.bramBitsThreshold = 2080                                                [Init: 2080]
Tue 20:43: INFO    : 	KernelConfiguration.buildTarget = MAXCOMPILERSIM_HOST_DRIVEN                                [Init: NONE, change: MAXCOMPILERSIM_HOST_DRIVEN]
Tue 20:43: INFO    : 	KernelConfiguration.cePipelining = 2                                                        [Init: 2]
Tue 20:43: INFO    : 	KernelConfiguration.clockPhaseBalanceThreshold = 0.1                                        [Init: 0.1]
Tue 20:43: INFO    : 	KernelConfiguration.clockPhasingRetries = 50                                                [Init: 50]
Tue 20:43: INFO    : 	KernelConfiguration.dumpNeighboursString =                                                  [Init: ]
Tue 20:43: INFO    : 	KernelConfiguration.enableCeReplication = true                                              [Init: true]
Tue 20:43: INFO    : 	KernelConfiguration.enableClockPhasePartitioning = false                                    [Init: false]
Tue 20:43: INFO    : 	KernelConfiguration.enableDebugIOControlRegs = true                                         [Init: true]
Tue 20:43: INFO    : 	KernelConfiguration.enableDummyBuild = false                                                [Init: false]
Tue 20:43: INFO    : 	KernelConfiguration.enableKernelProfiler = false                                            [Init: false]
Tue 20:43: INFO    : 	KernelConfiguration.enablePipelinedComputeController = false                                [Init: false]
Tue 20:43: INFO    : 	KernelConfiguration.enableShadowRegister = false                                            [Init: false]
Tue 20:43: INFO    : 	KernelConfiguration.enableSmartKernelControl = false                                        [Init: false]
Tue 20:43: INFO    : 	KernelConfiguration.fifoSrlRegisterStages = 1                                               [Init: 1]
Tue 20:43: INFO    : 	KernelConfiguration.flushOnInputDataCongtiguous = false                                     [Init: false]
Tue 20:43: INFO    : 	KernelConfiguration.hardwareDebugDepth = 512                                                [Init: 512]
Tue 20:43: INFO    : 	KernelConfiguration.hwHierarchyMode = UNSET                                                 [Init: UNSET]
Tue 20:43: INFO    : 	KernelConfiguration.latencyAnnotation = false                                               [Init: false]
Tue 20:43: INFO    : 	KernelConfiguration.latencyAnnotationIOs =                                                  [Init: null]
Tue 20:43: INFO    : 	KernelConfiguration.maxCoalescedFifoWidth = 2147483647                                      [Init: 2147483647]
Tue 20:43: INFO    : 	KernelConfiguration.maxPreAdderFanOut = 1                                                   [Init: 1]
Tue 20:43: INFO    : 	KernelConfiguration.netlistMode = false                                                     [Init: false]
Tue 20:43: INFO    : 	KernelConfiguration.numPhotonStateMachines = 1                                              [Init: 1]
Tue 20:43: INFO    : 	KernelConfiguration.optimizations.ceCounterRegisterDuplication = 1                          [Init: 1]
Tue 20:43: INFO    : 	KernelConfiguration.optimizations.conditionalArithmetic = false                             [Init: true, Init after BuildTarget change: false]
Tue 20:43: INFO    : 	KernelConfiguration.optimizations.counterChainWrapPipelining = 0                            [Init: 0]
Tue 20:43: INFO    : 	KernelConfiguration.optimizations.dspAddChain = OPTIMISE_IGNORE_PREADDER                    [Init: null, Init after BuildTarget change: OPTIMISE_IGNORE_PREADDER]
Tue 20:43: INFO    : 	KernelConfiguration.optimizations.enableActiveFanoutReduction = false                       [Init: false]
Tue 20:43: INFO    : 	KernelConfiguration.optimizations.enableBUFGCE = false                                      [Init: false]
Tue 20:43: INFO    : 	KernelConfiguration.optimizations.enableBetterInputRegistering = false                      [Init: false]
Tue 20:43: INFO    : 	KernelConfiguration.optimizations.enableBetterRegistering = false                           [Init: false]
Tue 20:43: INFO    : 	KernelConfiguration.optimizations.enableFIFOCoalescingAcrossPlacementConstraints = false    [Init: false]
Tue 20:43: INFO    : 	KernelConfiguration.optimizations.enableFifoCoalescing = true                               [Init: true]
Tue 20:43: INFO    : 	KernelConfiguration.optimizations.enableFullPrecisionBinaryOpConstants = false              [Init: false]
Tue 20:43: INFO    : 	KernelConfiguration.optimizations.enableIntegratedRounding = false                          [Init: false]
Tue 20:43: INFO    : 	KernelConfiguration.optimizations.enableMappedMemoryHostReadBack = true                     [Init: true]
Tue 20:43: INFO    : 	KernelConfiguration.optimizations.enableMultiCycleReset = false                             [Init: false]
Tue 20:43: INFO    : 	KernelConfiguration.optimizations.enablePowerTwoFloatMult = true                            [Init: true]
Tue 20:43: INFO    : 	KernelConfiguration.optimizations.enableRedundantNodeDeletion = true                        [Init: true]
Tue 20:43: INFO    : 	KernelConfiguration.optimizations.enableStateMachineRegisterMerging = true                  [Init: true]
Tue 20:43: INFO    : 	KernelConfiguration.optimizations.inputFlushDistanceFactor = 0                              [Init: 0]
Tue 20:43: INFO    : 	KernelConfiguration.optimizations.minimumStaticFIFOSplitDepth = 1                           [Init: 1]
Tue 20:43: INFO    : 	KernelConfiguration.optimizations.optimizationTechnique = DEFAULT                           [Init: DEFAULT]
Tue 20:43: INFO    : 	KernelConfiguration.optimizations.triAdd = false                                            [Init: true, Init after BuildTarget change: false]
Tue 20:43: INFO    : 	KernelConfiguration.partialReconfBlockName =                                                [Init: ]
Tue 20:43: INFO    : 	KernelConfiguration.partialReconfMode = false                                               [Init: false]
Tue 20:43: INFO    : 	KernelConfiguration.partialReconfTemplate = false                                           [Init: false]
Tue 20:43: INFO    : 	KernelConfiguration.replicateNodeCeLog2NumPartitions = 0                                    [Init: 0]
Tue 20:43: INFO    : 	KernelConfiguration.romBRAMBitsThreshold = 2080                                             [Init: 2080]
Tue 20:43: INFO    : 	KernelConfiguration.simulation.ramAddressCollisionBehaviour = EXCEPTION                     [Init: EXCEPTION]
Tue 20:43: INFO    : 	KernelConfiguration.simulation.ramOutOfBoundsAccessBehaviour = EXCEPTION                    [Init: EXCEPTION]
Tue 20:43: INFO    : 	KernelConfiguration.simulation.simProgressMessageFrequency = 0                              [Init: 0]
Tue 20:43: INFO    : 
Tue 20:43: INFO    :  -- 
Tue 20:43: INFO    : Writing current graph to: Mean-MeanKernel-original.pxg
Tue 20:43: INFO    : Running kernel graph-pass 'GeneratePXG'.
Tue 20:43: INFO    : Graph-pass 'GeneratePXG' took 160.186 ms (1 iterations)
Tue 20:43: INFO    : Running kernel graph-pass 'MarkConstantPass'.
Tue 20:43: INFO    : Graph-pass 'MarkConstantPass' took 1.98545 ms (1 iterations)
Tue 20:43: INFO    : Running kernel graph-pass 'ReachabilityPass'.
Tue 20:43: INFO    : Graph-pass 'ReachabilityPass' took 4.04192 ms (1 iterations)
Tue 20:43: INFO    : Running kernel graph-pass 'FindInputsLeadingToFlush'.
Tue 20:43: INFO    : Graph-pass 'FindInputsLeadingToFlush' took 116.475 ?s (1 iterations)
Tue 20:43: INFO    : Running kernel graph-pass 'CheckForStatefulToFlushViolations'.
Tue 20:43: INFO    : Graph-pass 'CheckForStatefulToFlushViolations' took 326.969 ?s (1 iterations)
Tue 20:43: INFO    : Running kernel graph-pass 'CheckForInputToFlushViolations'.
Tue 20:43: INFO    : Graph-pass 'CheckForInputToFlushViolations' took 945.340 ?s (1 iterations)
Tue 20:43: INFO    : Not deleting directory (does not exist): neighbours
Tue 20:43: INFO    : Running Photon pre-schedule graph optimisations
Tue 20:43: INFO    : Running kernel graph-pass 'AlignOrEradicatePrintfs'.
Tue 20:43: INFO    : Graph-pass 'AlignOrEradicatePrintfs' took 145.495 ?s (1 iterations)
Tue 20:43: INFO    : Running kernel graph-pass 'FoldConstantsPass'.
Tue 20:43: INFO    : Graph-pass 'FoldConstantsPass' took 1.07726 ms (1 iterations)
Tue 20:43: INFO    : Running kernel graph-pass 'OptimiseNodesPass'.
Tue 20:43: INFO    : Graph-pass 'OptimiseNodesPass' took 16.1847 ms (2 iterations)
Tue 20:43: INFO    : Running kernel graph-pass 'DeleteRedundantNodes'.
Tue 20:43: INFO    : Graph-pass 'DeleteRedundantNodes' took 292.206 ?s (1 iterations)
Tue 20:43: INFO    : Running kernel graph-pass 'DSPMultiplyAddExtractionPass'.
Tue 20:43: INFO    : Optimized 0 sub-graphs into DSP multiply/add chains (Virtex5 mode).
Tue 20:43: INFO    : Graph-pass 'DSPMultiplyAddExtractionPass' took 15.6452 ms (1 iterations)
Tue 20:43: INFO    : Running kernel graph-pass 'PO2FPMultOptimiser'.
Tue 20:43: INFO    : Graph-pass 'PO2FPMultOptimiser' took 163.651 ?s (1 iterations)
Tue 20:43: INFO    : Running Photon simulation preparation
Tue 20:43: INFO    : Running kernel graph-pass 'PrepareSimulationPass'.
Tue 20:43: INFO    : Graph-pass 'PrepareSimulationPass' took 142.464 ?s (1 iterations)
Tue 20:43: INFO    : Logging Photon stats to: MeanKernel_photon_stats.csv
Tue 20:43: INFO    : Running kernel graph-pass 'StatsPass'.
Tue 20:43: INFO    : Graph-pass 'StatsPass' took 2.06294 ms (1 iterations)
Tue 20:43: INFO    : Running kernel graph-pass 'CollectNumericExceptions'.
Tue 20:43: INFO    : Graph-pass 'CollectNumericExceptions' took 200.114 ?s (1 iterations)
Tue 20:43: INFO    : Running kernel graph-pass 'StreamOffsetDivExpand'.
Tue 20:43: INFO    : Graph-pass 'StreamOffsetDivExpand' took 149.649 ?s (1 iterations)
Tue 20:43: INFO    : Running kernel graph-pass 'FindIllegalLoops'.
Tue 20:43: INFO    : Graph-pass 'FindIllegalLoops' took 984.127 ?s (1 iterations)
Tue 20:43: INFO    : Running kernel graph-pass 'MarkConstantPass'.
Tue 20:43: INFO    : Graph-pass 'MarkConstantPass' took 264.431 ?s (1 iterations)
Tue 20:43: INFO    : Running kernel graph-pass 'ScheduleVariables'.
Tue 20:43: INFO    : Graph-pass 'ScheduleVariables' took 3.49842 ms (1 iterations)
Tue 20:43: INFO    : Running kernel graph-pass 'SubstituteEqPlaceholders'.
Tue 20:43: INFO    : Graph-pass 'SubstituteEqPlaceholders' took 107.669 ?s (1 iterations)
Tue 20:43: INFO    : Running kernel graph-pass 'ScheduleApplier'.
Tue 20:43: INFO    : Graph-pass 'ScheduleApplier' took 2.03635 ms (1 iterations)
Tue 20:43: INFO    : Running kernel graph-pass 'MarkConstantPass'.
Tue 20:43: INFO    : Graph-pass 'MarkConstantPass' took 285.906 ?s (1 iterations)
Tue 20:43: INFO    : Running kernel graph-pass 'ScheduleDumper'.
Tue 20:43: INFO    : Graph-pass 'ScheduleDumper' took 1.72855 ms (1 iterations)
Tue 20:43: INFO    : Running Photon post-schedule graph optimisations (pass 1)
Tue 20:43: INFO    : Running kernel graph-pass 'TapFIFOsPass'.
Tue 20:43: INFO    : Graph-pass 'TapFIFOsPass' took 1.17446 ms (1 iterations)
Tue 20:43: INFO    : Running kernel graph-pass 'FoldFIFOsPass'.
Tue 20:43: INFO    : Graph-pass 'FoldFIFOsPass' took 393.055 ?s (1 iterations)
Tue 20:43: INFO    : Running kernel graph-pass 'MarkConstantPass'.
Tue 20:43: INFO    : Graph-pass 'MarkConstantPass' took 243.318 ?s (1 iterations)
Tue 20:43: INFO    : Running kernel graph-pass 'ValidateFIFOs'.
Tue 20:43: INFO    : Graph-pass 'ValidateFIFOs' took 144.249 ?s (1 iterations)
Tue 20:43: INFO    : Running kernel graph-pass 'MarkConstantPass'.
Tue 20:43: INFO    : Graph-pass 'MarkConstantPass' took 469.809 ?s (1 iterations)
Tue 20:43: INFO    : Running kernel graph-pass 'ScheduleDumper'.
Tue 20:43: INFO    : Graph-pass 'ScheduleDumper' took 1.66664 ms (1 iterations)
Tue 20:43: INFO    : Running kernel graph-pass 'MarkConstantPass'.
Tue 20:43: INFO    : Graph-pass 'MarkConstantPass' took 244.821 ?s (1 iterations)
Tue 20:43: INFO    : Running kernel graph-pass 'ScheduleConstants'.
Tue 20:43: INFO    : Running command: "/opt/maxcompiler//bin/cbc" "MeanKernel_schedule_C.mps.gz" -threads 4 -solve  -printi csv -solu "MeanKernel_schedule_C.csv" > "MeanKernel_schedule_C.stdout.log"
Tue 20:43: INFO    : Optimum found: 16448
Tue 20:43: INFO    : Graph-pass 'ScheduleConstants' took 87.1099 ms (1 iterations)
Tue 20:43: INFO    : Running kernel graph-pass 'MarkConstantPass'.
Tue 20:43: INFO    : Graph-pass 'MarkConstantPass' took 399.807 ?s (1 iterations)
Tue 20:43: INFO    : Running kernel graph-pass 'ScheduleDumper'.
Tue 20:43: INFO    : Graph-pass 'ScheduleDumper' took 1.90509 ms (1 iterations)
Tue 20:43: INFO    : Running kernel graph-pass 'SubstituteEqPlaceholders'.
Tue 20:43: INFO    : Graph-pass 'SubstituteEqPlaceholders' took 177.532 ?s (1 iterations)
Tue 20:43: INFO    : Running kernel graph-pass 'RemoveDistMeasurementNodes'.
Tue 20:43: INFO    : Graph-pass 'RemoveDistMeasurementNodes' took 17.6730 ?s (1 iterations)
Tue 20:43: INFO    : Running kernel graph-pass 'ScheduleApplier'.
Tue 20:43: INFO    : Graph-pass 'ScheduleApplier' took 37.1716 ms (1 iterations)
Tue 20:43: INFO    : Maximum stream latency for kernel 'MeanKernel': 521
Tue 20:43: INFO    : Using user logic for flush.
Tue 20:43: INFO    : Running Photon post-schedule graph optimisations (pass 2)
Tue 20:43: INFO    : Running kernel graph-pass 'TapFIFOsPass'.
Tue 20:43: INFO    : Graph-pass 'TapFIFOsPass' took 27.0546 ms (2 iterations)
Tue 20:43: INFO    : Running kernel graph-pass 'FoldFIFOsPass'.
Tue 20:43: INFO    : Graph-pass 'FoldFIFOsPass' took 670.675 ?s (1 iterations)
Tue 20:43: INFO    : Running kernel graph-pass 'MarkConstantPass'.
Tue 20:43: INFO    : Graph-pass 'MarkConstantPass' took 275.773 ?s (1 iterations)
Tue 20:43: INFO    : Running kernel graph-pass 'ScheduleAsserter'.
Tue 20:43: INFO    : Graph-pass 'ScheduleAsserter' took 903.853 ?s (1 iterations)
Tue 20:43: INFO    : Running kernel graph-pass 'ReplaceEvalStreamOffsetNodes'.
Tue 20:43: INFO    : Graph-pass 'ReplaceEvalStreamOffsetNodes' took 154.993 ?s (1 iterations)
Tue 20:43: INFO    : Running kernel graph-pass 'FIFOReport'.
Tue 20:43: INFO    : Graph-pass 'FIFOReport' took 2.07390 ms (1 iterations)
Tue 20:43: INFO    : Running kernel graph-pass 'StatsPass'.
Tue 20:43: INFO    : Graph-pass 'StatsPass' took 1.75483 ms (1 iterations)
Tue 20:43: INFO    : Running kernel graph-pass 'RemoveUntypedConstants'.
Tue 20:43: INFO    : Graph-pass 'RemoveUntypedConstants' took 18.7921 ms (1 iterations)
Tue 20:43: INFO    : Running kernel graph-pass 'VariableSizeMappedRegInserter'.
Tue 20:43: INFO    : Graph-pass 'VariableSizeMappedRegInserter' took 148.731 ?s (1 iterations)
Tue 20:43: INFO    : Running kernel graph-pass 'MarkConstantPass'.
Tue 20:43: INFO    : Graph-pass 'MarkConstantPass' took 280.608 ?s (1 iterations)
Tue 20:43: INFO    : Running kernel graph-pass 'MakeMaxFileNodeData'.
Tue 20:43: INFO    : Graph-pass 'MakeMaxFileNodeData' took 4.42722 ms (1 iterations)
Tue 20:43: INFO    : Running kernel graph-pass 'MoveFanoutRegsForwards'.
Tue 20:43: INFO    : Graph-pass 'MoveFanoutRegsForwards' took 148.572 ?s (1 iterations)
Tue 20:43: INFO    : Optimization report for Kernel 'MeanKernel'.
Tue 20:43: INFO    : Enabled optimizations:
Tue 20:43: INFO    : 	DSP-Multiplication
Tue 20:43: INFO    : 	Power-of-2 Floating Point
Tue 20:43: INFO    : Creating a preliminary MaxCompilerDesignData.dat. (@ CoreCompile MeanKernel)
Tue 20:43: INFO    : Total compilation of 'MeanKernel' took 581.903 ms.
Tue 20:43: INFO    : Running kernel graph-pass 'MarkConstantPass'.
Tue 20:43: INFO    : Graph-pass 'MarkConstantPass' took 364.839 ?s (1 iterations)
Tue 20:43: INFO    : Running kernel graph-pass 'MaxConstantLatency'.
Tue 20:43: INFO    : Graph-pass 'MaxConstantLatency' took 624.403 ?s (1 iterations)
Tue 20:43: INFO    : Running kernel graph-pass 'SimCodeGraphPass'.
Tue 20:43: INFO    : Graph-pass 'SimCodeGraphPass' took 16.0816 ms (1 iterations)
Tue 20:43: INFO    : Writing current graph to: Mean-MeanKernel-final-simulation.pxg
Tue 20:43: INFO    : Running kernel graph-pass 'GeneratePXG'.
Tue 20:43: INFO    : Graph-pass 'GeneratePXG' took 34.2314 ms (1 iterations)
Tue 20:43: INFO    : Running manager compiler graph-pass: GenerateMXGInfo
Tue 20:43: INFO    : Running manager compiler graph-pass: ScheduleStallLatency
Tue 20:43: INFO    : Running manager compiler graph-pass: ClockWidthAssignment
Tue 20:43: INFO    : Running manager compiler graph-pass: InsertDualAspectLogic
Tue 20:43: INFO    : Running manager compiler graph-pass: ClockWidthAssignment
Tue 20:43: INFO    : Running manager compiler graph-pass: InsertPullPushAdapter
Tue 20:43: INFO    : Running manager compiler graph-pass: ClockWidthAssignment
Tue 20:43: INFO    : Running manager compiler graph-pass: InsertStreamFifos
Tue 20:43: INFO    : Running manager compiler graph-pass: ClockWidthAssignment
Tue 20:43: INFO    : Running manager compiler graph-pass: InsertStreamStatus
Tue 20:43: INFO    : Running manager compiler graph-pass: InsertChipscope
Tue 20:43: INFO    : Inserted 0 chipscope manager nodes.
Tue 20:43: INFO    : Running manager compiler graph-pass: ClockWidthAssignment
Tue 20:43: INFO    : Running manager compiler graph-pass: ReportClockAssignments
Tue 20:43: INFO    : Running manager compiler graph-pass: BuildSoftwareSim
Tue 20:43: INFO    : Mapped register report:
Tue 20:43: INFO    : 	0	io_inImage_force_disabled	1bytes
Tue 20:43: INFO    : 	1	io_outImage_force_disabled	1bytes
Tue 20:43: INFO    : 	2	run_cycle_count	6bytes
Tue 20:43: INFO    : 	8	current_run_cycle_count	6bytes
Tue 20:43: INFO    : 	e	dbg_ctld_almost_empty	1bytes
Tue 20:43: INFO    : 	f	dbg_ctld_done	1bytes
Tue 20:43: INFO    : 	10	dbg_ctld_empty	1bytes
Tue 20:43: INFO    : 	11	dbg_ctld_read	1bytes
Tue 20:43: INFO    : 	12	dbg_ctld_read_pipe_dbg	1bytes
Tue 20:43: INFO    : 	13	dbg_ctld_request	1bytes
Tue 20:43: INFO    : 	14	dbg_done_out	1bytes
Tue 20:43: INFO    : 	15	dbg_fill_level	2bytes
Tue 20:43: INFO    : 	17	dbg_flush_level	2bytes
Tue 20:43: INFO    : 	19	dbg_flush_start	1bytes
Tue 20:43: INFO    : 	1a	dbg_flush_start_level	2bytes
Tue 20:43: INFO    : 	1c	dbg_flushing	1bytes
Tue 20:43: INFO    : 	1d	dbg_full_level	2bytes
Tue 20:43: INFO    : 	1f	dbg_out_stall	1bytes
Tue 20:43: INFO    : 	20	dbg_out_valid	1bytes
Tue 20:43: INFO    : 	21	dbg_stall_vector	1bytes
Tue 20:43: INFO    : 	22	ifpga_ctrl	1bytes
Tue 20:43: INFO    : 	23	SFA_FORWARD_EN	4bytes
Tue 20:43: INFO    : Mapped register chain length = 39
Tue 20:43: INFO    : Mapped register efficiency = 0.62 (192 / 312 bits)
Tue 20:43: INFO    : Mapped memory report:
Tue 20:43: INFO    : 	No mapped memories in this design.
Tue 20:43: INFO    : Running manager compiler graph-pass: GenerateMXGInfo
Tue 20:43: INFO    : Running manager compiler graph-pass: GenerateSlicHostCode
Tue 20:43: INFO    : Generating SLIC interface information
Tue 20:43: INFO    : Generating SLIC code for interface 'default'
Tue 20:43: INFO    : Skipping blacklisted scalar parameter 'MeanKernel.current_run_cycle_count'
Tue 20:43: INFO    : Interface 'default' depends on parameter 'size'
Tue 20:43: INFO    : Generating XML description for Maxfile
Tue 20:43: INFO    : Generating XML description for mode 'default'
Tue 20:43: INFO    : Skipping blacklisted scalar parameter 'MeanKernel.current_run_cycle_count'
Tue 20:43: INFO    : Interface 'default' depends on parameter 'size'
Tue 20:43: INFO    : Adding SLIC sections to the maxfile
Tue 20:43: INFO    : Adding user files to the maxfile
Tue 20:43: INFO    : Generating SLIC include file
Tue 20:43: INFO    : Done generating SLIC interface information
Tue 20:43: PROGRESS: Running back-end simulation build (3 phases)
Tue 20:43: PROGRESS: (1/3) - Prepare MaxFile Data (GenerateMaxFileDataFile)
Tue 20:43: INFO    : Build pass 'GenerateMaxFileDataFile' took 13.3779 ms.
Tue 20:43: PROGRESS: (2/3) - Compile Simulation Modules (SimCompilePass)
Tue 20:43: INFO    : Running command: make -j2
Tue 20:43: INFO    : In file included from max_msi.cpp:19:
Tue 20:43: INFO    : /tmp/Mean_VECTIS_DFE_SIM/scratch/software-sim/build/MaxFile.h:4:9: warning: '_QUOTE' macro redefined [-Wmacro-redefined]
Tue 20:43: INFO    : #define _QUOTE(what) #what
Tue 20:43: INFO    :         ^
Tue 20:43: INFO    : /opt/maxcompiler//lib/maxeleros-sim/include/maxrt_error.h:87:9: note: previous definition is here
Tue 20:43: INFO    : #define _QUOTE(x) #x
Tue 20:43: INFO    :         ^
Tue 20:43: INFO    : 1 warning generated.
Tue 20:43: INFO    : Build pass 'SimCompilePass' took 6.77995 s.
Tue 20:43: PROGRESS: (3/3) - Generate MaxFile (AddSimObjectToMaxFilePass)
Tue 20:43: INFO    : Build pass 'AddSimObjectToMaxFilePass' took 221.413 ms.
Tue 20:43: INFO    : Final result files after build: 
Tue 20:43: INFO    : Running command: ln -sf "../scratch/Mean-MeanKernel-original.pxg"
Tue 20:43: INFO    : Mean-MeanKernel-original.pxg (BuildFilePXG)
Tue 20:43: INFO    : Running command: ln -sf "../scratch/MeanKernel_Configuration.txt"
Tue 20:43: INFO    : MeanKernel_Configuration.txt (BuildFile)
Tue 20:43: INFO    : Running command: ln -sf "../scratch/MeanKernel_NodeDiary.txt"
Tue 20:43: INFO    : MeanKernel_NodeDiary.txt (BuildFile)
Tue 20:43: INFO    : Running command: ln -sf "../scratch/Mean-MeanKernel-final-simulation.pxg"
Tue 20:43: INFO    : Mean-MeanKernel-final-simulation.pxg (BuildFilePXG)
Tue 20:43: INFO    : Running command: ln -sf "../scratch/Mean.xml"
Tue 20:43: INFO    : Mean.xml (BuildFile)
Tue 20:43: INFO    : Running command: ln -sf "../scratch/Mean.h"
Tue 20:43: INFO    : Mean.h (BuildFileSlicH)
Tue 20:43: INFO    : Running command: ln -sf "../scratch/Mean.max"
Tue 20:43: INFO    : Mean.max (BuildFileMaxFile)
Tue 20:43: INFO    : Result files will be copied to '/home/milutinovic/WebIDE-Projects/MI-HW2/CPUCode/results'
Tue 20:43: INFO    : Result 'Mean-MeanKernel-original.pxg' is identical to '/home/milutinovic/WebIDE-Projects/MI-HW2/CPUCode/results/Mean-MeanKernel-original.pxg': not overwriting.
Tue 20:43: INFO    : Result 'Mean-MeanKernel-final-simulation.pxg' is identical to '/home/milutinovic/WebIDE-Projects/MI-HW2/CPUCode/results/Mean-MeanKernel-final-simulation.pxg': not overwriting.
Tue 20:43: INFO    : Result 'Mean.h' is identical to '/home/milutinovic/WebIDE-Projects/MI-HW2/CPUCode/results/Mean.h': not overwriting.
Tue 20:43: INFO    : Copying result 'Mean.max' to '/home/milutinovic/WebIDE-Projects/MI-HW2/CPUCode/results/Mean.max'
Tue 20:43: INFO    : Running command: cp -rf "/tmp/Mean_VECTIS_DFE_SIM/scratch/Mean.max" "/home/milutinovic/WebIDE-Projects/MI-HW2/CPUCode/results/Mean.max"
Tue 20:43: PROGRESS: MaxFile: /tmp/Mean_VECTIS_DFE_SIM/results/Mean.max (MD5Sum: 12219ebe832f7c5e3accde6b1f1f6864)
Tue 20:43: INFO    : Waiting for any outstanding jobs to finish... 
Tue 20:43: PROGRESS: Build completed: Tue Dec 05 20:43:10 UTC 2023 (took 8 secs)
